{"contracts/SmartMatrixForsage.sol":{"l":{"80":3,"81":3,"82":33,"85":3,"87":3,"93":3,"94":3,"96":3,"97":36,"98":36,"101":3,"105":2,"106":1,"109":1,"113":2,"117":0,"118":0,"119":0,"120":0,"122":0,"123":0,"125":0,"126":0,"129":0,"130":0,"131":0,"132":0,"134":0,"137":0,"139":0,"140":0,"143":0,"145":0,"146":0,"148":0,"153":4,"154":4,"155":4,"157":4,"158":4,"161":4,"163":4,"169":4,"170":4,"172":4,"174":4,"175":4,"178":4,"179":4,"181":4,"183":4,"184":4,"185":4,"187":4,"189":4,"193":4,"195":4,"196":4,"197":4,"200":0,"202":0,"203":0,"204":0,"208":0,"210":0,"211":0,"212":0,"215":0,"216":0,"217":0,"219":0,"220":0,"221":0,"226":4,"228":4,"229":4,"230":4,"233":4,"235":4,"236":2,"239":2,"240":2,"242":2,"244":2,"247":0,"248":0,"250":0,"254":1,"255":1,"257":0,"260":1,"261":1,"263":0,"267":2,"270":0,"272":0,"273":0,"278":0,"279":0,"282":0,"283":0,"285":0,"286":0,"290":0,"291":0,"292":0,"294":0,"295":0,"298":0,"300":0,"302":0,"305":0,"309":0,"310":0,"311":0,"312":0,"314":0,"316":0,"317":0,"318":0,"320":0,"325":2,"326":2,"329":0,"331":0,"332":0,"334":0,"336":0,"337":0,"342":0,"343":0,"344":0,"346":0,"347":0,"350":0,"352":0,"353":0,"355":0,"356":0,"358":0,"359":0,"364":8,"365":8,"366":8,"369":0,"374":8,"375":8,"376":8,"379":0,"384":0,"388":0,"392":0,"398":0,"406":13,"410":8,"411":8,"412":8,"413":4,"414":4,"415":0,"416":0,"417":0,"419":4,"423":4,"424":4,"425":0,"426":0,"427":0,"429":4,"436":8,"438":8,"439":0,"442":8,"443":0,"448":1},"path":"/Users/fberdun/code/rednit/forsage_audit/contracts/SmartMatrixForsage.sol","s":{"1":3,"2":3,"3":33,"4":3,"5":3,"6":3,"7":3,"8":3,"9":36,"10":36,"11":3,"12":2,"13":1,"14":1,"15":2,"16":0,"17":0,"18":0,"19":0,"20":0,"21":0,"22":0,"23":0,"24":0,"25":0,"26":0,"27":0,"28":0,"29":0,"30":0,"31":0,"32":0,"33":0,"34":0,"35":0,"36":4,"37":4,"38":4,"39":4,"40":4,"41":4,"42":4,"43":4,"44":4,"45":4,"46":4,"47":4,"48":4,"49":4,"50":4,"51":4,"52":4,"53":4,"54":4,"55":4,"56":4,"57":0,"58":0,"59":0,"60":0,"61":0,"62":0,"63":0,"64":0,"65":0,"66":0,"67":0,"68":0,"69":4,"70":4,"71":4,"72":4,"73":4,"74":4,"75":2,"76":2,"77":2,"78":2,"79":2,"80":0,"81":0,"82":0,"83":2,"84":1,"85":1,"86":0,"87":1,"88":1,"89":1,"90":0,"91":2,"92":0,"93":0,"94":0,"95":0,"96":0,"97":0,"98":0,"99":0,"100":0,"101":0,"102":0,"103":0,"104":0,"105":0,"106":0,"107":0,"108":0,"109":0,"110":0,"111":0,"112":0,"113":0,"114":0,"115":0,"116":0,"117":0,"118":0,"119":0,"120":0,"121":2,"122":2,"123":0,"124":0,"125":0,"126":0,"127":0,"128":0,"129":0,"130":0,"131":0,"132":0,"133":0,"134":0,"135":0,"136":0,"137":0,"138":0,"139":0,"140":0,"141":8,"142":8,"143":8,"144":0,"145":8,"146":8,"147":8,"148":0,"149":0,"150":0,"151":0,"152":0,"153":13,"154":8,"155":8,"156":8,"157":4,"158":4,"159":0,"160":0,"161":0,"162":4,"163":4,"164":4,"165":0,"166":0,"167":0,"168":4,"169":8,"170":8,"171":0,"172":8,"173":0},"b":{"1":[1,1],"2":[0,0],"3":[0,0],"4":[0,0],"5":[0,0],"6":[0,0],"7":[0,0],"8":[0,0],"9":[0,0],"10":[0,0],"11":[4,0],"12":[4,0],"13":[4,0],"14":[4,0],"15":[4,0],"16":[0,0],"17":[0,0],"18":[0,0],"19":[4,0],"20":[4,0],"21":[2,2],"22":[0,2],"23":[0,0],"24":[1,1],"25":[1,0],"26":[1,0],"27":[1,0],"28":[0,0],"29":[0,0],"30":[0,0],"31":[0,0],"32":[0,0],"33":[0,0],"34":[0,0],"35":[2,0],"36":[0,0],"37":[0,0],"38":[0,0],"39":[0,0],"40":[0,0],"41":[0,0],"42":[8,0],"43":[8,0],"44":[4,4],"45":[0,4],"46":[0,4],"47":[0,8],"48":[0,8]},"f":{"1":3,"2":2,"3":2,"4":0,"5":4,"6":4,"7":4,"8":0,"9":2,"10":8,"11":8,"12":0,"13":0,"14":0,"15":0,"16":13,"17":8,"18":8,"19":1},"fnMap":{"1":{"name":"constructor","line":79,"loc":{"start":{"line":79,"column":4},"end":{"line":79,"column":42}}},"2":{"name":"","line":104,"loc":{"start":{"line":104,"column":4},"end":{"line":104,"column":29}}},"3":{"name":"registrationExt","line":112,"loc":{"start":{"line":112,"column":4},"end":{"line":112,"column":68}}},"4":{"name":"buyNewLevel","line":116,"loc":{"start":{"line":116,"column":4},"end":{"line":116,"column":66}}},"5":{"name":"registration","line":152,"loc":{"start":{"line":152,"column":4},"end":{"line":152,"column":77}}},"6":{"name":"updateX3Referrer","line":192,"loc":{"start":{"line":192,"column":4},"end":{"line":192,"column":94}}},"7":{"name":"updateX6Referrer","line":225,"loc":{"start":{"line":225,"column":4},"end":{"line":225,"column":94}}},"8":{"name":"updateX6","line":308,"loc":{"start":{"line":308,"column":4},"end":{"line":308,"column":95}}},"9":{"name":"updateX6ReferrerSecondLevel","line":324,"loc":{"start":{"line":324,"column":4},"end":{"line":324,"column":105}}},"10":{"name":"findFreeX3Referrer","line":363,"loc":{"start":{"line":363,"column":4},"end":{"line":363,"column":92}}},"11":{"name":"findFreeX6Referrer","line":373,"loc":{"start":{"line":373,"column":4},"end":{"line":373,"column":92}}},"12":{"name":"usersActiveX3Levels","line":383,"loc":{"start":{"line":383,"column":4},"end":{"line":383,"column":90}}},"13":{"name":"usersActiveX6Levels","line":387,"loc":{"start":{"line":387,"column":4},"end":{"line":387,"column":90}}},"14":{"name":"usersX3Matrix","line":391,"loc":{"start":{"line":391,"column":4},"end":{"line":391,"column":111}}},"15":{"name":"usersX6Matrix","line":397,"loc":{"start":{"line":397,"column":4},"end":{"line":397,"column":138}}},"16":{"name":"isUserExists","line":405,"loc":{"start":{"line":405,"column":4},"end":{"line":405,"column":64}}},"17":{"name":"findEthReceiver","line":409,"loc":{"start":{"line":409,"column":4},"end":{"line":409,"column":120}}},"18":{"name":"sendETHDividends","line":435,"loc":{"start":{"line":435,"column":4},"end":{"line":435,"column":98}}},"19":{"name":"bytesToAddress","line":447,"loc":{"start":{"line":447,"column":4},"end":{"line":447,"column":79}}}},"statementMap":{"1":{"start":{"line":80,"column":8},"end":{"line":80,"column":34}},"2":{"start":{"line":81,"column":8},"end":{"line":81,"column":2634}},"3":{"start":{"line":82,"column":12},"end":{"line":82,"column":46}},"4":{"start":{"line":85,"column":8},"end":{"line":85,"column":27}},"5":{"start":{"line":87,"column":8},"end":{"line":87,"column":2793}},"6":{"start":{"line":93,"column":8},"end":{"line":93,"column":33}},"7":{"start":{"line":94,"column":8},"end":{"line":94,"column":36}},"8":{"start":{"line":96,"column":8},"end":{"line":96,"column":3018}},"9":{"start":{"line":97,"column":12},"end":{"line":97,"column":55}},"10":{"start":{"line":98,"column":12},"end":{"line":98,"column":55}},"11":{"start":{"line":101,"column":8},"end":{"line":101,"column":32}},"12":{"start":{"line":105,"column":8},"end":{"line":105,"column":3283}},"13":{"start":{"line":106,"column":12},"end":{"line":106,"column":50}},"14":{"start":{"line":109,"column":8},"end":{"line":109,"column":57}},"15":{"start":{"line":113,"column":8},"end":{"line":113,"column":48}},"16":{"start":{"line":117,"column":8},"end":{"line":117,"column":79}},"17":{"start":{"line":118,"column":8},"end":{"line":118,"column":60}},"18":{"start":{"line":119,"column":8},"end":{"line":119,"column":63}},"19":{"start":{"line":120,"column":8},"end":{"line":120,"column":65}},"20":{"start":{"line":122,"column":8},"end":{"line":122,"column":3942}},"21":{"start":{"line":123,"column":12},"end":{"line":123,"column":87}},"22":{"start":{"line":125,"column":12},"end":{"line":125,"column":4068}},"23":{"start":{"line":126,"column":16},"end":{"line":126,"column":66}},"24":{"start":{"line":129,"column":12},"end":{"line":129,"column":74}},"25":{"start":{"line":130,"column":12},"end":{"line":130,"column":77}},"26":{"start":{"line":131,"column":12},"end":{"line":131,"column":57}},"27":{"start":{"line":132,"column":12},"end":{"line":132,"column":62}},"28":{"start":{"line":134,"column":12},"end":{"line":134,"column":62}},"29":{"start":{"line":137,"column":12},"end":{"line":137,"column":87}},"30":{"start":{"line":139,"column":12},"end":{"line":139,"column":4687}},"31":{"start":{"line":140,"column":16},"end":{"line":140,"column":66}},"32":{"start":{"line":143,"column":12},"end":{"line":143,"column":74}},"33":{"start":{"line":145,"column":12},"end":{"line":145,"column":57}},"34":{"start":{"line":146,"column":12},"end":{"line":146,"column":62}},"35":{"start":{"line":148,"column":12},"end":{"line":148,"column":62}},"36":{"start":{"line":153,"column":8},"end":{"line":153,"column":65}},"37":{"start":{"line":154,"column":8},"end":{"line":154,"column":57}},"38":{"start":{"line":155,"column":8},"end":{"line":155,"column":68}},"39":{"start":{"line":157,"column":8},"end":{"line":157,"column":19}},"40":{"start":{"line":161,"column":8},"end":{"line":161,"column":49}},"41":{"start":{"line":163,"column":8},"end":{"line":163,"column":5590}},"42":{"start":{"line":169,"column":8},"end":{"line":169,"column":32}},"43":{"start":{"line":170,"column":8},"end":{"line":170,"column":44}},"44":{"start":{"line":172,"column":8},"end":{"line":172,"column":52}},"45":{"start":{"line":174,"column":8},"end":{"line":174,"column":50}},"46":{"start":{"line":175,"column":8},"end":{"line":175,"column":50}},"47":{"start":{"line":178,"column":8},"end":{"line":178,"column":40}},"48":{"start":{"line":183,"column":8},"end":{"line":183,"column":67}},"49":{"start":{"line":184,"column":8},"end":{"line":184,"column":70}},"50":{"start":{"line":185,"column":8},"end":{"line":185,"column":55}},"51":{"start":{"line":187,"column":8},"end":{"line":187,"column":75}},"52":{"start":{"line":189,"column":8},"end":{"line":189,"column":105}},"53":{"start":{"line":193,"column":8},"end":{"line":193,"column":73}},"54":{"start":{"line":195,"column":8},"end":{"line":195,"column":6724}},"55":{"start":{"line":196,"column":12},"end":{"line":196,"column":133}},"56":{"start":{"line":197,"column":12},"end":{"line":197,"column":75}},"57":{"start":{"line":200,"column":8},"end":{"line":200,"column":68}},"58":{"start":{"line":202,"column":8},"end":{"line":202,"column":74}},"59":{"start":{"line":203,"column":8},"end":{"line":203,"column":7200}},"60":{"start":{"line":204,"column":12},"end":{"line":204,"column":64}},"61":{"start":{"line":208,"column":8},"end":{"line":208,"column":7402}},"62":{"start":{"line":210,"column":12},"end":{"line":210,"column":84}},"63":{"start":{"line":211,"column":12},"end":{"line":211,"column":7578}},"64":{"start":{"line":212,"column":16},"end":{"line":212,"column":91}},"65":{"start":{"line":216,"column":12},"end":{"line":216,"column":86}},"66":{"start":{"line":217,"column":12},"end":{"line":217,"column":72}},"67":{"start":{"line":219,"column":12},"end":{"line":219,"column":57}},"68":{"start":{"line":221,"column":12},"end":{"line":221,"column":67}},"69":{"start":{"line":226,"column":8},"end":{"line":226,"column":95}},"70":{"start":{"line":228,"column":8},"end":{"line":228,"column":8446}},"71":{"start":{"line":229,"column":12},"end":{"line":229,"column":87}},"72":{"start":{"line":230,"column":12},"end":{"line":230,"column":143}},"73":{"start":{"line":233,"column":12},"end":{"line":233,"column":79}},"74":{"start":{"line":235,"column":12},"end":{"line":235,"column":8902}},"75":{"start":{"line":236,"column":16},"end":{"line":236,"column":79}},"76":{"start":{"line":239,"column":12},"end":{"line":239,"column":80}},"77":{"start":{"line":240,"column":12},"end":{"line":240,"column":76}},"78":{"start":{"line":242,"column":12},"end":{"line":242,"column":76}},"79":{"start":{"line":244,"column":12},"end":{"line":244,"column":9332}},"80":{"start":{"line":247,"column":16},"end":{"line":247,"column":9551}},"81":{"start":{"line":248,"column":20},"end":{"line":248,"column":68}},"82":{"start":{"line":250,"column":20},"end":{"line":250,"column":68}},"83":{"start":{"line":252,"column":20},"end":{"line":252,"column":9828}},"84":{"start":{"line":254,"column":16},"end":{"line":254,"column":9970}},"85":{"start":{"line":255,"column":20},"end":{"line":255,"column":68}},"86":{"start":{"line":257,"column":20},"end":{"line":257,"column":68}},"87":{"start":{"line":259,"column":19},"end":{"line":259,"column":10246}},"88":{"start":{"line":260,"column":16},"end":{"line":260,"column":10354}},"89":{"start":{"line":261,"column":20},"end":{"line":261,"column":68}},"90":{"start":{"line":263,"column":20},"end":{"line":263,"column":68}},"91":{"start":{"line":267,"column":12},"end":{"line":267,"column":71}},"92":{"start":{"line":270,"column":8},"end":{"line":270,"column":84}},"93":{"start":{"line":272,"column":8},"end":{"line":272,"column":10810}},"94":{"start":{"line":273,"column":12},"end":{"line":273,"column":10897}},"95":{"start":{"line":278,"column":16},"end":{"line":278,"column":66}},"96":{"start":{"line":279,"column":16},"end":{"line":279,"column":87}},"97":{"start":{"line":280,"column":19},"end":{"line":280,"column":11380}},"98":{"start":{"line":282,"column":16},"end":{"line":282,"column":66}},"99":{"start":{"line":283,"column":16},"end":{"line":283,"column":87}},"100":{"start":{"line":285,"column":16},"end":{"line":285,"column":67}},"101":{"start":{"line":286,"column":16},"end":{"line":286,"column":87}},"102":{"start":{"line":290,"column":8},"end":{"line":290,"column":11886}},"103":{"start":{"line":291,"column":12},"end":{"line":291,"column":63}},"104":{"start":{"line":292,"column":12},"end":{"line":292,"column":83}},"105":{"start":{"line":293,"column":15},"end":{"line":293,"column":12136}},"106":{"start":{"line":294,"column":12},"end":{"line":294,"column":62}},"107":{"start":{"line":295,"column":12},"end":{"line":295,"column":83}},"108":{"start":{"line":298,"column":8},"end":{"line":298,"column":12397}},"109":{"start":{"line":300,"column":12},"end":{"line":300,"column":63}},"110":{"start":{"line":302,"column":12},"end":{"line":302,"column":62}},"111":{"start":{"line":305,"column":8},"end":{"line":305,"column":71}},"112":{"start":{"line":309,"column":8},"end":{"line":309,"column":13000}},"113":{"start":{"line":310,"column":12},"end":{"line":310,"column":133}},"114":{"start":{"line":311,"column":12},"end":{"line":311,"column":235}},"115":{"start":{"line":312,"column":12},"end":{"line":312,"column":193}},"116":{"start":{"line":314,"column":12},"end":{"line":314,"column":125}},"117":{"start":{"line":316,"column":12},"end":{"line":316,"column":133}},"118":{"start":{"line":317,"column":12},"end":{"line":317,"column":235}},"119":{"start":{"line":318,"column":12},"end":{"line":318,"column":193}},"120":{"start":{"line":320,"column":12},"end":{"line":320,"column":125}},"121":{"start":{"line":325,"column":8},"end":{"line":325,"column":14623}},"122":{"start":{"line":326,"column":12},"end":{"line":326,"column":75}},"123":{"start":{"line":329,"column":8},"end":{"line":329,"column":127}},"124":{"start":{"line":331,"column":8},"end":{"line":331,"column":14943}},"125":{"start":{"line":332,"column":12},"end":{"line":332,"column":14981}},"126":{"start":{"line":334,"column":16},"end":{"line":334,"column":121}},"127":{"start":{"line":335,"column":19},"end":{"line":335,"column":15200}},"128":{"start":{"line":336,"column":16},"end":{"line":336,"column":15242}},"129":{"start":{"line":337,"column":20},"end":{"line":337,"column":125}},"130":{"start":{"line":342,"column":8},"end":{"line":342,"column":84}},"131":{"start":{"line":343,"column":8},"end":{"line":343,"column":85}},"132":{"start":{"line":344,"column":8},"end":{"line":344,"column":69}},"133":{"start":{"line":346,"column":8},"end":{"line":346,"column":15701}},"134":{"start":{"line":347,"column":12},"end":{"line":347,"column":64}},"135":{"start":{"line":352,"column":8},"end":{"line":352,"column":15938}},"136":{"start":{"line":353,"column":12},"end":{"line":353,"column":84}},"137":{"start":{"line":355,"column":12},"end":{"line":355,"column":86}},"138":{"start":{"line":356,"column":12},"end":{"line":356,"column":72}},"139":{"start":{"line":358,"column":12},"end":{"line":358,"column":67}},"140":{"start":{"line":359,"column":12},"end":{"line":359,"column":57}},"141":{"start":{"line":364,"column":8},"end":{"line":364,"column":16492}},"142":{"start":{"line":365,"column":12},"end":{"line":365,"column":16523}},"143":{"start":{"line":366,"column":16},"end":{"line":366,"column":50}},"144":{"start":{"line":369,"column":12},"end":{"line":369,"column":52}},"145":{"start":{"line":374,"column":8},"end":{"line":374,"column":16843}},"146":{"start":{"line":375,"column":12},"end":{"line":375,"column":16874}},"147":{"start":{"line":376,"column":16},"end":{"line":376,"column":50}},"148":{"start":{"line":379,"column":12},"end":{"line":379,"column":52}},"149":{"start":{"line":384,"column":8},"end":{"line":384,"column":55}},"150":{"start":{"line":388,"column":8},"end":{"line":388,"column":55}},"151":{"start":{"line":392,"column":8},"end":{"line":392,"column":17586}},"152":{"start":{"line":398,"column":8},"end":{"line":398,"column":17930}},"153":{"start":{"line":406,"column":8},"end":{"line":406,"column":36}},"154":{"start":{"line":410,"column":8},"end":{"line":410,"column":38}},"155":{"start":{"line":411,"column":8},"end":{"line":411,"column":29}},"156":{"start":{"line":412,"column":8},"end":{"line":412,"column":18534}},"157":{"start":{"line":413,"column":12},"end":{"line":413,"column":18569}},"158":{"start":{"line":414,"column":16},"end":{"line":414,"column":18604}},"159":{"start":{"line":415,"column":20},"end":{"line":415,"column":68}},"160":{"start":{"line":416,"column":20},"end":{"line":416,"column":42}},"161":{"start":{"line":417,"column":20},"end":{"line":417,"column":77}},"162":{"start":{"line":419,"column":20},"end":{"line":419,"column":55}},"163":{"start":{"line":423,"column":12},"end":{"line":423,"column":18985}},"164":{"start":{"line":424,"column":16},"end":{"line":424,"column":19020}},"165":{"start":{"line":425,"column":20},"end":{"line":425,"column":68}},"166":{"start":{"line":426,"column":20},"end":{"line":426,"column":42}},"167":{"start":{"line":427,"column":20},"end":{"line":427,"column":77}},"168":{"start":{"line":429,"column":20},"end":{"line":429,"column":55}},"169":{"start":{"line":436,"column":8},"end":{"line":436,"column":102}},"170":{"start":{"line":438,"column":8},"end":{"line":438,"column":19601}},"171":{"start":{"line":439,"column":12},"end":{"line":439,"column":77}},"172":{"start":{"line":442,"column":8},"end":{"line":442,"column":19766}},"173":{"start":{"line":443,"column":12},"end":{"line":443,"column":70}}},"branchMap":{"1":{"line":105,"type":"if","locations":[{"start":{"line":105,"column":8},"end":{"line":105,"column":8}},{"start":{"line":105,"column":8},"end":{"line":105,"column":8}}]},"2":{"line":117,"type":"if","locations":[{"start":{"line":117,"column":8},"end":{"line":117,"column":8}},{"start":{"line":117,"column":8},"end":{"line":117,"column":8}}]},"3":{"line":118,"type":"if","locations":[{"start":{"line":118,"column":8},"end":{"line":118,"column":8}},{"start":{"line":118,"column":8},"end":{"line":118,"column":8}}]},"4":{"line":119,"type":"if","locations":[{"start":{"line":119,"column":8},"end":{"line":119,"column":8}},{"start":{"line":119,"column":8},"end":{"line":119,"column":8}}]},"5":{"line":120,"type":"if","locations":[{"start":{"line":120,"column":8},"end":{"line":120,"column":8}},{"start":{"line":120,"column":8},"end":{"line":120,"column":8}}]},"6":{"line":122,"type":"if","locations":[{"start":{"line":122,"column":8},"end":{"line":122,"column":8}},{"start":{"line":122,"column":8},"end":{"line":122,"column":8}}]},"7":{"line":123,"type":"if","locations":[{"start":{"line":123,"column":12},"end":{"line":123,"column":12}},{"start":{"line":123,"column":12},"end":{"line":123,"column":12}}]},"8":{"line":125,"type":"if","locations":[{"start":{"line":125,"column":12},"end":{"line":125,"column":12}},{"start":{"line":125,"column":12},"end":{"line":125,"column":12}}]},"9":{"line":137,"type":"if","locations":[{"start":{"line":137,"column":12},"end":{"line":137,"column":12}},{"start":{"line":137,"column":12},"end":{"line":137,"column":12}}]},"10":{"line":139,"type":"if","locations":[{"start":{"line":139,"column":12},"end":{"line":139,"column":12}},{"start":{"line":139,"column":12},"end":{"line":139,"column":12}}]},"11":{"line":153,"type":"if","locations":[{"start":{"line":153,"column":8},"end":{"line":153,"column":8}},{"start":{"line":153,"column":8},"end":{"line":153,"column":8}}]},"12":{"line":154,"type":"if","locations":[{"start":{"line":154,"column":8},"end":{"line":154,"column":8}},{"start":{"line":154,"column":8},"end":{"line":154,"column":8}}]},"13":{"line":155,"type":"if","locations":[{"start":{"line":155,"column":8},"end":{"line":155,"column":8}},{"start":{"line":155,"column":8},"end":{"line":155,"column":8}}]},"14":{"line":161,"type":"if","locations":[{"start":{"line":161,"column":8},"end":{"line":161,"column":8}},{"start":{"line":161,"column":8},"end":{"line":161,"column":8}}]},"15":{"line":195,"type":"if","locations":[{"start":{"line":195,"column":8},"end":{"line":195,"column":8}},{"start":{"line":195,"column":8},"end":{"line":195,"column":8}}]},"16":{"line":203,"type":"if","locations":[{"start":{"line":203,"column":8},"end":{"line":203,"column":8}},{"start":{"line":203,"column":8},"end":{"line":203,"column":8}}]},"17":{"line":208,"type":"if","locations":[{"start":{"line":208,"column":8},"end":{"line":208,"column":8}},{"start":{"line":208,"column":8},"end":{"line":208,"column":8}}]},"18":{"line":211,"type":"if","locations":[{"start":{"line":211,"column":12},"end":{"line":211,"column":12}},{"start":{"line":211,"column":12},"end":{"line":211,"column":12}}]},"19":{"line":226,"type":"if","locations":[{"start":{"line":226,"column":8},"end":{"line":226,"column":8}},{"start":{"line":226,"column":8},"end":{"line":226,"column":8}}]},"20":{"line":228,"type":"if","locations":[{"start":{"line":228,"column":8},"end":{"line":228,"column":8}},{"start":{"line":228,"column":8},"end":{"line":228,"column":8}}]},"21":{"line":235,"type":"if","locations":[{"start":{"line":235,"column":12},"end":{"line":235,"column":12}},{"start":{"line":235,"column":12},"end":{"line":235,"column":12}}]},"22":{"line":244,"type":"if","locations":[{"start":{"line":244,"column":12},"end":{"line":244,"column":12}},{"start":{"line":244,"column":12},"end":{"line":244,"column":12}}]},"23":{"line":247,"type":"if","locations":[{"start":{"line":247,"column":16},"end":{"line":247,"column":16}},{"start":{"line":247,"column":16},"end":{"line":247,"column":16}}]},"24":{"line":252,"type":"if","locations":[{"start":{"line":252,"column":20},"end":{"line":252,"column":20}},{"start":{"line":252,"column":20},"end":{"line":252,"column":20}}]},"25":{"line":254,"type":"if","locations":[{"start":{"line":254,"column":16},"end":{"line":254,"column":16}},{"start":{"line":254,"column":16},"end":{"line":254,"column":16}}]},"26":{"line":259,"type":"if","locations":[{"start":{"line":259,"column":19},"end":{"line":259,"column":19}},{"start":{"line":259,"column":19},"end":{"line":259,"column":19}}]},"27":{"line":260,"type":"if","locations":[{"start":{"line":260,"column":16},"end":{"line":260,"column":16}},{"start":{"line":260,"column":16},"end":{"line":260,"column":16}}]},"28":{"line":272,"type":"if","locations":[{"start":{"line":272,"column":8},"end":{"line":272,"column":8}},{"start":{"line":272,"column":8},"end":{"line":272,"column":8}}]},"29":{"line":273,"type":"if","locations":[{"start":{"line":273,"column":12},"end":{"line":273,"column":12}},{"start":{"line":273,"column":12},"end":{"line":273,"column":12}}]},"30":{"line":280,"type":"if","locations":[{"start":{"line":280,"column":19},"end":{"line":280,"column":19}},{"start":{"line":280,"column":19},"end":{"line":280,"column":19}}]},"31":{"line":290,"type":"if","locations":[{"start":{"line":290,"column":8},"end":{"line":290,"column":8}},{"start":{"line":290,"column":8},"end":{"line":290,"column":8}}]},"32":{"line":293,"type":"if","locations":[{"start":{"line":293,"column":15},"end":{"line":293,"column":15}},{"start":{"line":293,"column":15},"end":{"line":293,"column":15}}]},"33":{"line":298,"type":"if","locations":[{"start":{"line":298,"column":8},"end":{"line":298,"column":8}},{"start":{"line":298,"column":8},"end":{"line":298,"column":8}}]},"34":{"line":309,"type":"if","locations":[{"start":{"line":309,"column":8},"end":{"line":309,"column":8}},{"start":{"line":309,"column":8},"end":{"line":309,"column":8}}]},"35":{"line":325,"type":"if","locations":[{"start":{"line":325,"column":8},"end":{"line":325,"column":8}},{"start":{"line":325,"column":8},"end":{"line":325,"column":8}}]},"36":{"line":331,"type":"if","locations":[{"start":{"line":331,"column":8},"end":{"line":331,"column":8}},{"start":{"line":331,"column":8},"end":{"line":331,"column":8}}]},"37":{"line":332,"type":"if","locations":[{"start":{"line":332,"column":12},"end":{"line":332,"column":12}},{"start":{"line":332,"column":12},"end":{"line":332,"column":12}}]},"38":{"line":335,"type":"if","locations":[{"start":{"line":335,"column":19},"end":{"line":335,"column":19}},{"start":{"line":335,"column":19},"end":{"line":335,"column":19}}]},"39":{"line":336,"type":"if","locations":[{"start":{"line":336,"column":16},"end":{"line":336,"column":16}},{"start":{"line":336,"column":16},"end":{"line":336,"column":16}}]},"40":{"line":346,"type":"if","locations":[{"start":{"line":346,"column":8},"end":{"line":346,"column":8}},{"start":{"line":346,"column":8},"end":{"line":346,"column":8}}]},"41":{"line":352,"type":"if","locations":[{"start":{"line":352,"column":8},"end":{"line":352,"column":8}},{"start":{"line":352,"column":8},"end":{"line":352,"column":8}}]},"42":{"line":365,"type":"if","locations":[{"start":{"line":365,"column":12},"end":{"line":365,"column":12}},{"start":{"line":365,"column":12},"end":{"line":365,"column":12}}]},"43":{"line":375,"type":"if","locations":[{"start":{"line":375,"column":12},"end":{"line":375,"column":12}},{"start":{"line":375,"column":12},"end":{"line":375,"column":12}}]},"44":{"line":412,"type":"if","locations":[{"start":{"line":412,"column":8},"end":{"line":412,"column":8}},{"start":{"line":412,"column":8},"end":{"line":412,"column":8}}]},"45":{"line":414,"type":"if","locations":[{"start":{"line":414,"column":16},"end":{"line":414,"column":16}},{"start":{"line":414,"column":16},"end":{"line":414,"column":16}}]},"46":{"line":424,"type":"if","locations":[{"start":{"line":424,"column":16},"end":{"line":424,"column":16}},{"start":{"line":424,"column":16},"end":{"line":424,"column":16}}]},"47":{"line":438,"type":"if","locations":[{"start":{"line":438,"column":8},"end":{"line":438,"column":8}},{"start":{"line":438,"column":8},"end":{"line":438,"column":8}}]},"48":{"line":442,"type":"if","locations":[{"start":{"line":442,"column":8},"end":{"line":442,"column":8}},{"start":{"line":442,"column":8},"end":{"line":442,"column":8}}]}}}}